# JRE version: Java(TM) SE Runtime Environment 18.9 (11.0.11+9) (build 11.0.11+9-LTS-194)
# Java VM: Java HotSpot(TM) 64-Bit Server VM 18.9 (11.0.11+9-LTS-194, mixed mode, tiered, compressed oops, g1 gc, windows-amd64)
Heap:
 garbage-first heap   total 131072K, used 34103K [0x0000000081400000, 0x0000000100000000)
  region size 1024K, 9 young (9216K), 3 survivors (3072K)
 Metaspace       used 30360K, capacity 31194K, committed 31280K, reserved 1077248K
  class space    used 3517K, capacity 3889K, committed 3968K, reserved 1048576K
GC Heap History (6 events):
Event: 1.092 GC heap before
{Heap before GC invocations=0 (full 0):
 garbage-first heap   total 131072K, used 23552K [0x0000000081400000, 0x0000000100000000)
  region size 1024K, 24 young (24576K), 0 survivors (0K)
 Metaspace       used 11136K, capacity 11320K, committed 11520K, reserved 1058816K
  class space    used 1082K, capacity 1162K, committed 1280K, reserved 1048576K
}
Event: 1.098 GC heap after
{Heap after GC invocations=1 (full 0):
 garbage-first heap   total 131072K, used 4878K [0x0000000081400000, 0x0000000100000000)
  region size 1024K, 3 young (3072K), 3 survivors (3072K)
 Metaspace       used 11136K, capacity 11320K, committed 11520K, reserved 1058816K
  class space    used 1082K, capacity 1162K, committed 1280K, reserved 1048576K
}
Event: 2.059 GC heap before
{Heap before GC invocations=1 (full 0):
 garbage-first heap   total 131072K, used 47886K [0x0000000081400000, 0x0000000100000000)
  region size 1024K, 46 young (47104K), 3 survivors (3072K)
 Metaspace       used 20753K, capacity 21203K, committed 21296K, reserved 1069056K
  class space    used 2211K, capacity 2420K, committed 2432K, reserved 1048576K
}
Event: 2.069 GC heap after
{Heap after GC invocations=2 (full 0):
 garbage-first heap   total 131072K, used 9134K [0x0000000081400000, 0x0000000100000000)
  region size 1024K, 8 young (8192K), 8 survivors (8192K)
 Metaspace       used 20753K, capacity 21203K, committed 21296K, reserved 1069056K
  class space    used 2211K, capacity 2420K, committed 2432K, reserved 1048576K
}
Event: 5.754 GC heap before
{Heap before GC invocations=3 (full 0):
 garbage-first heap   total 131072K, used 72622K [0x0000000081400000, 0x0000000100000000)
  region size 1024K, 53 young (54272K), 8 survivors (8192K)
 Metaspace       used 29021K, capacity 29762K, committed 30000K, reserved 1075200K
  class space    used 3344K, capacity 3645K, committed 3712K, reserved 1048576K
}
Event: 5.771 GC heap after
{Heap after GC invocations=4 (full 0):
 garbage-first heap   total 131072K, used 28983K [0x0000000081400000, 0x0000000100000000)
  region size 1024K, 3 young (3072K), 3 survivors (3072K)
 Metaspace       used 29021K, capacity 29762K, committed 30000K, reserved 1075200K
  class space    used 3344K, capacity 3645K, committed 3712K, reserved 1048576K
}

